\BOOKMARK [0][-]{chapter*.1}{\376\377\000K\000a\000t\000a\000\040\000P\000e\000n\000g\000a\000n\000t\000a\000r}{}% 1
\BOOKMARK [0][-]{section*.2}{\376\377\000D\000a\000f\000t\000a\000r\000\040\000I\000s\000i}{}% 2
\BOOKMARK [0][-]{section*.3}{\376\377\000D\000a\000f\000t\000a\000r\000\040\000G\000a\000m\000b\000a\000r}{}% 3
\BOOKMARK [0][-]{section*.4}{\376\377\000D\000a\000f\000t\000a\000r\000\040\000T\000a\000b\000e\000l}{}% 4
\BOOKMARK [0][-]{chapter.1}{\376\377\000P\000e\000n\000d\000a\000h\000u\000l\000u\000a\000n}{}% 5
\BOOKMARK [1][-]{section.1.1}{\376\377\000L\000a\000t\000a\000r\000\040\000B\000e\000l\000a\000k\000a\000n\000g}{chapter.1}% 6
\BOOKMARK [1][-]{section.1.2}{\376\377\000P\000e\000r\000u\000m\000u\000s\000a\000n\000\040\000M\000a\000s\000a\000l\000a\000h}{chapter.1}% 7
\BOOKMARK [1][-]{section.1.3}{\376\377\000T\000u\000j\000u\000a\000n\000\040\000d\000a\000n\000\040\000M\000a\000n\000f\000a\000a\000t}{chapter.1}% 8
\BOOKMARK [2][-]{subsection.1.3.1}{\376\377\000T\000u\000j\000u\000a\000n}{section.1.3}% 9
\BOOKMARK [2][-]{subsection.1.3.2}{\376\377\000M\000a\000n\000f\000a\000a\000t}{section.1.3}% 10
\BOOKMARK [1][-]{section.1.4}{\376\377\000R\000u\000a\000n\000g\000\040\000L\000i\000n\000g\000k\000u\000p\000\040\000M\000a\000s\000a\000l\000a\000h}{chapter.1}% 11
\BOOKMARK [1][-]{section.1.5}{\376\377\000M\000e\000t\000o\000d\000e\000\040\000P\000e\000n\000e\000l\000i\000t\000i\000a\000n\000\040\000d\000a\000n\000\040\000T\000e\000k\000n\000i\000k\000\040\000P\000e\000n\000g\000u\000m\000p\000u\000l\000a\000n\000\040\000D\000a\000t\000a}{chapter.1}% 12
\BOOKMARK [2][-]{subsection.1.5.1}{\376\377\000M\000e\000t\000o\000d\000e\000\040\000P\000e\000n\000e\000l\000i\000t\000i\000a\000n}{section.1.5}% 13
\BOOKMARK [2][-]{subsection.1.5.2}{\376\377\000T\000e\000k\000n\000i\000k\000\040\000P\000e\000n\000g\000u\000m\000p\000u\000l\000a\000n\000\040\000D\000a\000t\000a}{section.1.5}% 14
\BOOKMARK [1][-]{section.1.6}{\376\377\000S\000i\000s\000t\000e\000m\000a\000t\000i\000k\000a\000\040\000P\000e\000m\000b\000a\000h\000a\000s\000a\000n}{chapter.1}% 15
\BOOKMARK [0][-]{chapter.2}{\376\377\000L\000a\000d\000a\000s\000a\000n\000\040\000T\000e\000o\000r\000i}{}% 16
\BOOKMARK [1][-]{section.2.1}{\376\377\000T\000a\000h\000a\000p\000\040\000D\000a\000t\000a\000\040\000M\000i\000n\000i\000n\000g}{chapter.2}% 17
\BOOKMARK [0][-]{chapter.3}{\376\377\000I\000n\000t\000r\000o\000d\000u\000c\000t\000i\000o\000n}{}% 18
\BOOKMARK [1][-]{section.3.1}{\376\377\000M\000o\000t\000i\000v\000a\000t\000i\000o\000n}{chapter.3}% 19
\BOOKMARK [2][-]{subsection.3.1.1}{\376\377\000D\000e\000t\000e\000r\000m\000i\000n\000e\000\040\000t\000h\000e\000\040\000m\000o\000s\000t\000\040\000t\000y\000p\000i\000c\000a\000l\000\040\000t\000r\000a\000j\000e\000c\000t\000o\000r\000y}{section.3.1}% 20
\BOOKMARK [2][-]{subsection.3.1.2}{\376\377\000B\000e\000t\000t\000e\000r\000\040\000v\000i\000s\000u\000a\000l\000i\000z\000a\000t\000i\000o\000n\000\040\000f\000o\000r\000\040\000a\000\040\000s\000e\000t\000\040\000o\000f\000\040\000t\000r\000a\000j\000e\000c\000t\000o\000r\000i\000e\000s}{section.3.1}% 21
\BOOKMARK [2][-]{subsection.3.1.3}{\376\377\000k\000-\000m\000e\000d\000o\000i\000d\000\040\000c\000l\000u\000s\000t\000e\000r\000i\000n\000g}{section.3.1}% 22
\BOOKMARK [1][-]{section.3.2}{\376\377\000B\000a\000s\000i\000c\000\040\000I\000d\000e\000a\000\040\000o\000f\000\040\000t\000h\000e\000\040\000R\000e\000s\000e\000a\000r\000c\000h}{chapter.3}% 23
\BOOKMARK [2][-]{subsection.3.2.1}{\376\377\000T\000h\000e\000\040\000S\000i\000m\000p\000l\000e\000\040\000S\000w\000i\000t\000c\000h\000i\000n\000g\000\040\000M\000e\000t\000h\000o\000d\000\040}{section.3.2}% 24
\BOOKMARK [2][-]{subsection.3.2.2}{\376\377\000T\000h\000e\000\040\000A\000l\000g\000o\000r\000i\000t\000h\000m\000\040\000U\000s\000i\000n\000g\000\040\000t\000h\000e\000\040\000C\000o\000n\000c\000e\000p\000t\000\040\000o\000f\000\040\000H\000o\000m\000o\000t\000o\000p\000y}{section.3.2}% 25
\BOOKMARK [2][-]{subsection.3.2.3}{\376\377\000T\000h\000e\000\040\000P\000r\000o\000p\000o\000s\000e\000d\000\040\000S\000o\000l\000u\000t\000i\000o\000n\000s}{section.3.2}% 26
\BOOKMARK [1][-]{section.3.3}{\376\377\000O\000u\000t\000l\000i\000n\000e\000\040\000o\000f\000\040\000t\000h\000e\000\040\000T\000h\000e\000s\000i\000s}{chapter.3}% 27
\BOOKMARK [0][-]{chapter.4}{\376\377\000I\000n\000t\000r\000o\000d\000u\000c\000t\000i\000o\000n}{}% 28
\BOOKMARK [1][-]{section.4.1}{\376\377\000M\000o\000t\000i\000v\000a\000t\000i\000o\000n}{chapter.4}% 29
\BOOKMARK [2][-]{subsection.4.1.1}{\376\377\000D\000e\000t\000e\000r\000m\000i\000n\000e\000\040\000t\000h\000e\000\040\000m\000o\000s\000t\000\040\000t\000y\000p\000i\000c\000a\000l\000\040\000t\000r\000a\000j\000e\000c\000t\000o\000r\000y}{section.4.1}% 30
\BOOKMARK [2][-]{subsection.4.1.2}{\376\377\000B\000e\000t\000t\000e\000r\000\040\000v\000i\000s\000u\000a\000l\000i\000z\000a\000t\000i\000o\000n\000\040\000f\000o\000r\000\040\000a\000\040\000s\000e\000t\000\040\000o\000f\000\040\000t\000r\000a\000j\000e\000c\000t\000o\000r\000i\000e\000s}{section.4.1}% 31
\BOOKMARK [2][-]{subsection.4.1.3}{\376\377\000k\000-\000m\000e\000d\000o\000i\000d\000\040\000c\000l\000u\000s\000t\000e\000r\000i\000n\000g}{section.4.1}% 32
\BOOKMARK [1][-]{section.4.2}{\376\377\000B\000a\000s\000i\000c\000\040\000I\000d\000e\000a\000\040\000o\000f\000\040\000t\000h\000e\000\040\000R\000e\000s\000e\000a\000r\000c\000h}{chapter.4}% 33
\BOOKMARK [2][-]{subsection.4.2.1}{\376\377\000T\000h\000e\000\040\000S\000i\000m\000p\000l\000e\000\040\000S\000w\000i\000t\000c\000h\000i\000n\000g\000\040\000M\000e\000t\000h\000o\000d\000\040}{section.4.2}% 34
\BOOKMARK [2][-]{subsection.4.2.2}{\376\377\000T\000h\000e\000\040\000A\000l\000g\000o\000r\000i\000t\000h\000m\000\040\000U\000s\000i\000n\000g\000\040\000t\000h\000e\000\040\000C\000o\000n\000c\000e\000p\000t\000\040\000o\000f\000\040\000H\000o\000m\000o\000t\000o\000p\000y}{section.4.2}% 35
\BOOKMARK [2][-]{subsection.4.2.3}{\376\377\000T\000h\000e\000\040\000P\000r\000o\000p\000o\000s\000e\000d\000\040\000S\000o\000l\000u\000t\000i\000o\000n\000s}{section.4.2}% 36
\BOOKMARK [1][-]{section.4.3}{\376\377\000O\000u\000t\000l\000i\000n\000e\000\040\000o\000f\000\040\000t\000h\000e\000\040\000T\000h\000e\000s\000i\000s}{chapter.4}% 37
\BOOKMARK [0][-]{chapter.5}{\376\377\000I\000n\000t\000r\000o\000d\000u\000c\000t\000i\000o\000n}{}% 38
\BOOKMARK [1][-]{section.5.1}{\376\377\000M\000o\000t\000i\000v\000a\000t\000i\000o\000n}{chapter.5}% 39
\BOOKMARK [2][-]{subsection.5.1.1}{\376\377\000D\000e\000t\000e\000r\000m\000i\000n\000e\000\040\000t\000h\000e\000\040\000m\000o\000s\000t\000\040\000t\000y\000p\000i\000c\000a\000l\000\040\000t\000r\000a\000j\000e\000c\000t\000o\000r\000y}{section.5.1}% 40
\BOOKMARK [2][-]{subsection.5.1.2}{\376\377\000B\000e\000t\000t\000e\000r\000\040\000v\000i\000s\000u\000a\000l\000i\000z\000a\000t\000i\000o\000n\000\040\000f\000o\000r\000\040\000a\000\040\000s\000e\000t\000\040\000o\000f\000\040\000t\000r\000a\000j\000e\000c\000t\000o\000r\000i\000e\000s}{section.5.1}% 41
\BOOKMARK [2][-]{subsection.5.1.3}{\376\377\000k\000-\000m\000e\000d\000o\000i\000d\000\040\000c\000l\000u\000s\000t\000e\000r\000i\000n\000g}{section.5.1}% 42
\BOOKMARK [1][-]{section.5.2}{\376\377\000B\000a\000s\000i\000c\000\040\000I\000d\000e\000a\000\040\000o\000f\000\040\000t\000h\000e\000\040\000R\000e\000s\000e\000a\000r\000c\000h}{chapter.5}% 43
\BOOKMARK [2][-]{subsection.5.2.1}{\376\377\000T\000h\000e\000\040\000S\000i\000m\000p\000l\000e\000\040\000S\000w\000i\000t\000c\000h\000i\000n\000g\000\040\000M\000e\000t\000h\000o\000d\000\040}{section.5.2}% 44
\BOOKMARK [2][-]{subsection.5.2.2}{\376\377\000T\000h\000e\000\040\000A\000l\000g\000o\000r\000i\000t\000h\000m\000\040\000U\000s\000i\000n\000g\000\040\000t\000h\000e\000\040\000C\000o\000n\000c\000e\000p\000t\000\040\000o\000f\000\040\000H\000o\000m\000o\000t\000o\000p\000y}{section.5.2}% 45
\BOOKMARK [2][-]{subsection.5.2.3}{\376\377\000T\000h\000e\000\040\000P\000r\000o\000p\000o\000s\000e\000d\000\040\000S\000o\000l\000u\000t\000i\000o\000n\000s}{section.5.2}% 46
\BOOKMARK [1][-]{section.5.3}{\376\377\000O\000u\000t\000l\000i\000n\000e\000\040\000o\000f\000\040\000t\000h\000e\000\040\000T\000h\000e\000s\000i\000s}{chapter.5}% 47
\BOOKMARK [0][-]{chapter*.5}{\376\377\000D\000a\000f\000t\000a\000r\000\040\000R\000e\000f\000e\000r\000e\000n\000s\000i}{}% 48
\BOOKMARK [0][-]{appendix.A}{\376\377\000T\000h\000e\000\040\000P\000r\000o\000g\000r\000a\000m}{}% 49
\BOOKMARK [0][-]{appendix.B}{\376\377\000T\000h\000e\000\040\000S\000o\000u\000r\000c\000e\000\040\000C\000o\000d\000e}{}% 50
\BOOKMARK [0][-]{appendix.C}{\376\377\000T\000h\000e\000\040\000S\000o\000u\000r\000c\000e\000\040\000C\000o\000d\000e}{}% 51
