This is pdfTeX, Version 3.1415926-2.5-1.40.14 (MiKTeX 2.9 64-bit) (preloaded format=pdflatex 2014.3.12)  11 AUG 2014 20:40
entering extended mode
**main.tex
("E:\Unpar\Skripsi-1\Skripsi\Template Skripsi FTIS v7\main.tex"
LaTeX2e <2011/06/27>
Babel <v3.8m> and hyphenation patterns for english, afrikaans, ancientgreek, arabic, armenian, assamese, basque, bengali
, bokmal, bulgarian, catalan, coptic, croatian, czech, danish, dutch, esperanto, estonian, farsi, finnish, french, galic
ian, german, german-x-2013-05-26, greek, gujarati, hindi, hungarian, icelandic, indonesian, interlingua, irish, italian,
 kannada, kurmanji, latin, latvian, lithuanian, malayalam, marathi, mongolian, mongolianlmc, monogreek, ngerman, ngerman
-x-2013-05-26, nynorsk, oriya, panjabi, pinyin, polish, portuguese, romanian, russian, sanskrit, serbian, slovak, sloven
ian, spanish, swedish, swissgerman, tamil, telugu, turkish, turkmen, ukenglish, ukrainian, uppersorbian, usenglishmax, w
elsh, loaded.
("C:\Program Files\MiKTeX 2.9\tex\latex\base\report.cls"
Document Class: report 2007/10/19 v1.4h Standard LaTeX document class
("C:\Program Files\MiKTeX 2.9\tex\latex\base\size11.clo"
File: size11.clo 2007/10/19 v1.4h Standard LaTeX file (size option)
)
\c@part=\count79
\c@chapter=\count80
\c@section=\count81
\c@subsection=\count82
\c@subsubsection=\count83
\c@paragraph=\count84
\c@subparagraph=\count85
\c@figure=\count86
\c@table=\count87
\abovecaptionskip=\skip41
\belowcaptionskip=\skip42
\bibindent=\dimen102
) ("C:\Program Files\MiKTeX 2.9\tex\generic\babel\babel.sty"
Package: babel 2008/07/08 v3.8m The Babel package

*************************************
* Local config file bblopts.cfg used
*
("C:\Program Files\MiKTeX 2.9\tex\latex\00miktex\bblopts.cfg"
File: bblopts.cfg 2006/07/31 v1.0 MiKTeX 'babel' configuration
)
("C:\Program Files\MiKTeX 2.9\tex\generic\babel\bahasai.ldf"
Language: bahasa 2008/03/15 v1.0l Bahasa Indonesia support from the babel system
 ("C:\Program Files\MiKTeX 2.9\tex\generic\babel\babel.def"
File: babel.def 2008/07/08 v3.8m Babel common definitions
\babel@savecnt=\count88
\U@D=\dimen103
))) ("C:\Program Files\MiKTeX 2.9\tex\latex\base\fontenc.sty"
Package: fontenc 2005/09/27 v1.99g Standard LaTeX package
 ("C:\Program Files\MiKTeX 2.9\tex\latex\base\t1enc.def"
File: t1enc.def 2005/09/27 v1.99g Standard LaTeX file
LaTeX Font Info:    Redeclaring font encoding T1 on input line 43.
))
("C:\Program Files\MiKTeX 2.9\tex\latex\abstract\abstract.sty"
Package: abstract 2009/06/08 v1.2a configurable abstracts
\abstitleskip=\skip43
\absleftindent=\skip44
\absrightindent=\skip45
\absparindent=\skip46
\absparsep=\skip47
) ("C:\Program Files\MiKTeX 2.9\tex\latex\chappg\chappg.sty"
Package: chappg 2006/05/09 v2.1b page numbering by chapter number pages by chapter (or other unit)
) ("C:\Program Files\MiKTeX 2.9\tex\latex\graphics\color.sty"
Package: color 2005/11/14 v1.0j Standard LaTeX Color (DPC)

("C:\Program Files\MiKTeX 2.9\tex\latex\00miktex\color.cfg"
File: color.cfg 2007/01/18 v1.5 color configuration of teTeX/TeXLive
)
Package color Info: Driver file: pdftex.def on input line 130.

("C:\Program Files\MiKTeX 2.9\tex\latex\pdftex-def\pdftex.def"
File: pdftex.def 2011/05/27 v0.06d Graphics/color for pdfTeX

("C:\Program Files\MiKTeX 2.9\tex\generic\oberdiek\infwarerr.sty"
Package: infwarerr 2010/04/08 v1.3 Providing info/warning/error messages (HO)
)
("C:\Program Files\MiKTeX 2.9\tex\generic\oberdiek\ltxcmds.sty"
Package: ltxcmds 2011/11/09 v1.22 LaTeX kernel commands for general use (HO)
)
\Gread@gobject=\count89
))
("C:\Program Files\MiKTeX 2.9\tex\latex\etoolbox\etoolbox.sty"
Package: etoolbox 2011/01/03 v2.1 e-TeX tools for LaTeX
 ("C:\Program Files\MiKTeX 2.9\tex\latex\misc\etex.sty"
Package: etex 1998/03/26 v2.0 eTeX basic definition package (PEB)
\et@xins=\count90
)
\etb@tempcnta=\count91
)
("C:\Program Files\MiKTeX 2.9\tex\latex\fancyhdr\fancyhdr.sty"
\fancy@headwidth=\skip48
\f@ncyO@elh=\skip49
\f@ncyO@erh=\skip50
\f@ncyO@olh=\skip51
\f@ncyO@orh=\skip52
\f@ncyO@elf=\skip53
\f@ncyO@erf=\skip54
\f@ncyO@olf=\skip55
\f@ncyO@orf=\skip56
) ("C:\Program Files\MiKTeX 2.9\tex\latex\float\float.sty"
Package: float 2001/11/08 v1.3d Float enhancements (AL)
\c@float@type=\count92
\float@exts=\toks14
\float@box=\box26
\@float@everytoks=\toks15
\@floatcapt=\box27
) ("C:\Program Files\MiKTeX 2.9\tex\latex\geometry\geometry.sty"
Package: geometry 2010/09/12 v5.6 Page Geometry

("C:\Program Files\MiKTeX 2.9\tex\latex\graphics\keyval.sty"
Package: keyval 1999/03/16 v1.13 key=value parser (DPC)
\KV@toks@=\toks16
)
("C:\Program Files\MiKTeX 2.9\tex\generic\oberdiek\ifpdf.sty"
Package: ifpdf 2011/01/30 v2.3 Provides the ifpdf switch (HO)
Package ifpdf Info: pdfTeX in PDF mode is detected.
)
("C:\Program Files\MiKTeX 2.9\tex\generic\oberdiek\ifvtex.sty"
Package: ifvtex 2010/03/01 v1.5 Detect VTeX and its facilities (HO)
Package ifvtex Info: VTeX not detected.
)
("C:\Program Files\MiKTeX 2.9\tex\generic\ifxetex\ifxetex.sty"
Package: ifxetex 2010/09/12 v0.6 Provides ifxetex conditional
)
\Gm@cnth=\count93
\Gm@cntv=\count94
\c@Gm@tempcnt=\count95
\Gm@bindingoffset=\dimen104
\Gm@wd@mp=\dimen105
\Gm@odd@mp=\dimen106
\Gm@even@mp=\dimen107
\Gm@layoutwidth=\dimen108
\Gm@layoutheight=\dimen109
\Gm@layouthoffset=\dimen110
\Gm@layoutvoffset=\dimen111
\Gm@dimlist=\toks17

("C:\Program Files\MiKTeX 2.9\tex\latex\geometry\geometry.cfg"))
("C:\Program Files\MiKTeX 2.9\tex\latex\graphics\graphicx.sty"
Package: graphicx 1999/02/16 v1.0f Enhanced LaTeX Graphics (DPC,SPQR)

("C:\Program Files\MiKTeX 2.9\tex\latex\graphics\graphics.sty"
Package: graphics 2009/02/05 v1.0o Standard LaTeX Graphics (DPC,SPQR)
 ("C:\Program Files\MiKTeX 2.9\tex\latex\graphics\trig.sty"
Package: trig 1999/03/16 v1.09 sin cos tan (DPC)
) ("C:\Program Files\MiKTeX 2.9\tex\latex\00miktex\graphics.cfg"
File: graphics.cfg 2007/01/18 v1.5 graphics configuration of teTeX/TeXLive
)
Package graphics Info: Driver file: pdftex.def on input line 91.
)
\Gin@req@height=\dimen112
\Gin@req@width=\dimen113
)
("C:\Program Files\MiKTeX 2.9\tex\latex\listings\listings.sty"
\lst@mode=\count96
\lst@gtempboxa=\box28
\lst@token=\toks18
\lst@length=\count97
\lst@currlwidth=\dimen114
\lst@column=\count98
\lst@pos=\count99
\lst@lostspace=\dimen115
\lst@width=\dimen116
\lst@newlines=\count100
\lst@lineno=\count101
\lst@maxwidth=\dimen117

("C:\Program Files\MiKTeX 2.9\tex\latex\listings\lstmisc.sty"
File: lstmisc.sty 2014/03/04 1.5c (Carsten Heinz)
\c@lstnumber=\count102
\lst@skipnumbers=\count103
\lst@framebox=\box29
)
("C:\Program Files\MiKTeX 2.9\tex\latex\listings\listings.cfg"
File: listings.cfg 2014/03/04 1.5c listings configuration
))
Package: listings 2014/03/04 1.5c (Carsten Heinz)

("C:\Program Files\MiKTeX 2.9\tex\latex\graphics\lscape.sty"
Package: lscape 2000/10/22 v3.01 Landscape Pages (DPC)
) ("C:\Program Files\MiKTeX 2.9\tex\latex\tools\multicol.sty"
Package: multicol 2011/06/27 v1.7a multicolumn formatting (FMi)
\c@tracingmulticols=\count104
\mult@box=\box30
\multicol@leftmargin=\dimen118
\c@unbalance=\count105
\c@collectmore=\count106
\doublecol@number=\count107
\multicoltolerance=\count108
\multicolpretolerance=\count109
\full@width=\dimen119
\page@free=\dimen120
\premulticols=\dimen121
\postmulticols=\dimen122
\multicolsep=\skip57
\multicolbaselineskip=\skip58
\partial@page=\box31
\last@line=\box32
\mult@rightbox=\box33
\mult@grightbox=\box34
\mult@gfirstbox=\box35
\mult@firstbox=\box36
\@tempa=\box37
\@tempa=\box38
\@tempa=\box39
\@tempa=\box40
\@tempa=\box41
\@tempa=\box42
\@tempa=\box43
\@tempa=\box44
\@tempa=\box45
\@tempa=\box46
\@tempa=\box47
\@tempa=\box48
\@tempa=\box49
\@tempa=\box50
\@tempa=\box51
\@tempa=\box52
\@tempa=\box53
\c@columnbadness=\count110
\c@finalcolumnbadness=\count111
\last@try=\dimen123
\multicolovershoot=\dimen124
\multicolundershoot=\dimen125
\mult@nat@firstbox=\box54
\colbreak@box=\box55
\multicol@sort@counter=\count112
) ("C:\Program Files\MiKTeX 2.9\tex\latex\base\ifthen.sty"
Package: ifthen 2001/05/26 v1.1c Standard LaTeX ifthen package (DPC)
) ("C:\Program Files\MiKTeX 2.9\tex\latex\lineno\lineno.sty"
Package: lineno 2005/11/02 line numbers on paragraphs v4.41
\linenopenalty=\count113
\output=\toks19
\linenoprevgraf=\count114
\linenumbersep=\dimen126
\linenumberwidth=\dimen127
\c@linenumber=\count115
\c@pagewiselinenumber=\count116
\c@LN@truepage=\count117
\c@internallinenumber=\count118
\c@internallinenumbers=\count119
\quotelinenumbersep=\dimen128
\bframerule=\dimen129
\bframesep=\dimen130
\bframebox=\box56
LaTeX Info: Redefining \\ on input line 3056.
) ("C:\Program Files\MiKTeX 2.9\tex\latex\lipsum\lipsum.sty"
Package: lipsum 2011/04/14 v1.2 150 paragraphs of Lorem Ipsum dummy text
\c@lips@count=\count120
)
("C:\Program Files\MiKTeX 2.9\tex\latex\titlesec\titlesec.sty"
Package: titlesec 2011/12/15 v2.10.0 Sectioning titles
\ttl@box=\box57
\beforetitleunit=\skip59
\aftertitleunit=\skip60
\ttl@plus=\dimen131
\ttl@minus=\dimen132
\ttl@toksa=\toks20
\titlewidth=\dimen133
\titlewidthlast=\dimen134
\titlewidthfirst=\dimen135
)
("C:\Program Files\MiKTeX 2.9\tex\latex\tocbibind\tocbibind.sty"
Package: tocbibind 2010/10/13 v1.5k extra ToC listings
Package tocbibind Info: The document has chapter divisions on input line 50.


Package tocbibind Note: Using chapter style headings, unless overridden.

) ("C:\Program Files\MiKTeX 2.9\tex\latex\tocloft\tocloft.sty"
Package: tocloft 2013/05/02 v2.3f parameterised ToC, etc., typesetting
Package tocloft Info: The document has chapter divisions on input line 44.
\cftparskip=\skip61
\cftbeforetoctitleskip=\skip62
\cftaftertoctitleskip=\skip63
\cftbeforepartskip=\skip64
\cftpartnumwidth=\skip65
\cftpartindent=\skip66
\cftbeforechapskip=\skip67
\cftchapindent=\skip68
\cftchapnumwidth=\skip69
\cftbeforesecskip=\skip70
\cftsecindent=\skip71
\cftsecnumwidth=\skip72
\cftbeforesubsecskip=\skip73
\cftsubsecindent=\skip74
\cftsubsecnumwidth=\skip75
\cftbeforesubsubsecskip=\skip76
\cftsubsubsecindent=\skip77
\cftsubsubsecnumwidth=\skip78
\cftbeforeparaskip=\skip79
\cftparaindent=\skip80
\cftparanumwidth=\skip81
\cftbeforesubparaskip=\skip82
\cftsubparaindent=\skip83
\cftsubparanumwidth=\skip84
\cftbeforeloftitleskip=\skip85
\cftafterloftitleskip=\skip86
\cftbeforefigskip=\skip87
\cftfigindent=\skip88
\cftfignumwidth=\skip89
\c@lofdepth=\count121
\c@lotdepth=\count122
\cftbeforelottitleskip=\skip90
\cftafterlottitleskip=\skip91
\cftbeforetabskip=\skip92
\cfttabindent=\skip93
\cfttabnumwidth=\skip94
)
("C:\Program Files\MiKTeX 2.9\tex\latex\setspace\setspace.sty"
Package: setspace 2011/12/19 v6.7a set line spacing
)
("C:\Program Files\MiKTeX 2.9\tex\latex\xstring\xstring.sty"
("C:\Program Files\MiKTeX 2.9\tex\generic\xstring\xstring.tex"
\@xs@message=\write3
\integerpart=\count123
\decimalpart=\count124
)
Package: xstring 2013/10/13  v1.7c  String manipulations (C Tellechea)
)
("C:\Program Files\MiKTeX 2.9\tex\latex\hyperref\hyperref.sty"
Package: hyperref 2012/11/06 v6.83m Hypertext links for LaTeX

("C:\Program Files\MiKTeX 2.9\tex\generic\oberdiek\hobsub-hyperref.sty"
Package: hobsub-hyperref 2012/04/25 v1.12 Bundle oberdiek, subset hyperref (HO)

("C:\Program Files\MiKTeX 2.9\tex\generic\oberdiek\hobsub-generic.sty"
Package: hobsub-generic 2012/04/25 v1.12 Bundle oberdiek, subset generic (HO)
Package: hobsub 2012/04/25 v1.12 Construct package bundles (HO)
Package hobsub Info: Skipping package `infwarerr' (already loaded).
Package hobsub Info: Skipping package `ltxcmds' (already loaded).
Package: ifluatex 2010/03/01 v1.3 Provides the ifluatex switch (HO)
Package ifluatex Info: LuaTeX not detected.
Package hobsub Info: Skipping package `ifvtex' (already loaded).
Package: intcalc 2007/09/27 v1.1 Expandable calculations with integers (HO)
Package hobsub Info: Skipping package `ifpdf' (already loaded).
Package: etexcmds 2011/02/16 v1.5 Avoid name clashes with e-TeX commands (HO)
Package etexcmds Info: Could not find \expanded.
(etexcmds)             That can mean that you are not using pdfTeX 1.50 or
(etexcmds)             that some package has redefined \expanded.
(etexcmds)             In the latter case, load this package earlier.
Package: kvsetkeys 2012/04/25 v1.16 Key value parser (HO)
Package: kvdefinekeys 2011/04/07 v1.3 Define keys (HO)
Package: pdftexcmds 2011/11/29 v0.20 Utility functions of pdfTeX for LuaTeX (HO)
Package pdftexcmds Info: LuaTeX not detected.
Package pdftexcmds Info: \pdf@primitive is available.
Package pdftexcmds Info: \pdf@ifprimitive is available.
Package pdftexcmds Info: \pdfdraftmode found.
Package: pdfescape 2011/11/25 v1.13 Implements pdfTeX's escape features (HO)
Package: bigintcalc 2012/04/08 v1.3 Expandable calculations on big integers (HO)
Package: bitset 2011/01/30 v1.1 Handle bit-vector datatype (HO)
Package: uniquecounter 2011/01/30 v1.2 Provide unlimited unique counter (HO)
)
Package hobsub Info: Skipping package `hobsub' (already loaded).
Package: letltxmacro 2010/09/02 v1.4 Let assignment for LaTeX macros (HO)
Package: hopatch 2011/06/24 v1.1 Wrapper for package hooks (HO)
Package: xcolor-patch 2011/01/30 xcolor patch
Package: atveryend 2011/06/30 v1.8 Hooks at the very end of document (HO)
Package: atbegshi 2011/10/05 v1.16 At begin shipout hook (HO)
Package: refcount 2011/10/16 v3.4 Data extraction from label references (HO)
Package: hycolor 2011/01/30 v1.7 Color options for hyperref/bookmark (HO)
)
("C:\Program Files\MiKTeX 2.9\tex\latex\oberdiek\auxhook.sty"
Package: auxhook 2011/03/04 v1.3 Hooks for auxiliary files (HO)
)
("C:\Program Files\MiKTeX 2.9\tex\latex\oberdiek\kvoptions.sty"
Package: kvoptions 2011/06/30 v3.11 Key value format for package options (HO)
)
\@linkdim=\dimen136
\Hy@linkcounter=\count125
\Hy@pagecounter=\count126

("C:\Program Files\MiKTeX 2.9\tex\latex\hyperref\pd1enc.def"
File: pd1enc.def 2012/11/06 v6.83m Hyperref: PDFDocEncoding definition (HO)
)
\Hy@SavedSpaceFactor=\count127

("C:\Program Files\MiKTeX 2.9\tex\latex\00miktex\hyperref.cfg"
File: hyperref.cfg 2002/06/06 v1.2 hyperref configuration of TeXLive
)
Package hyperref Info: Option `plainpages' set `false' on input line 4319.
Package hyperref Info: Option `pdfpagelabels' set `true' on input line 4319.
Package hyperref Info: Option `unicode' set `true' on input line 4319.

("C:\Program Files\MiKTeX 2.9\tex\latex\hyperref\puenc.def"
File: puenc.def 2012/11/06 v6.83m Hyperref: PDF Unicode definition (HO)
)
Package hyperref Info: Hyper figures OFF on input line 4443.
Package hyperref Info: Link nesting OFF on input line 4448.
Package hyperref Info: Hyper index ON on input line 4451.
Package hyperref Info: Plain pages OFF on input line 4458.
Package hyperref Info: Backreferencing OFF on input line 4463.
Package hyperref Info: Implicit mode ON; LaTeX internals redefined.
Package hyperref Info: Bookmarks ON on input line 4688.
\c@Hy@tempcnt=\count128
 ("C:\Program Files\MiKTeX 2.9\tex\latex\url\url.sty"
\Urlmuskip=\muskip10
Package: url 2013/09/16  ver 3.4  Verb mode for urls, etc.
)
LaTeX Info: Redefining \url on input line 5041.
\XeTeXLinkMargin=\dimen137
\Fld@menulength=\count129
\Field@Width=\dimen138
\Fld@charsize=\dimen139
Package hyperref Info: Hyper figures OFF on input line 6295.
Package hyperref Info: Link nesting OFF on input line 6300.
Package hyperref Info: Hyper index ON on input line 6303.
Package hyperref Info: backreferencing OFF on input line 6310.
Package hyperref Info: Link coloring OFF on input line 6315.
Package hyperref Info: Link coloring with OCG OFF on input line 6320.
Package hyperref Info: PDF/A mode OFF on input line 6325.
LaTeX Info: Redefining \ref on input line 6365.
LaTeX Info: Redefining \pageref on input line 6369.
\Hy@abspage=\count130
\c@Item=\count131
\c@Hfootnote=\count132
)

Package hyperref Message: Driver (autodetected): hpdftex.

("C:\Program Files\MiKTeX 2.9\tex\latex\hyperref\hpdftex.def"
File: hpdftex.def 2012/11/06 v6.83m Hyperref driver for pdfTeX
\Fld@listcount=\count133
\c@bookmark@seq@number=\count134

("C:\Program Files\MiKTeX 2.9\tex\latex\oberdiek\rerunfilecheck.sty"
Package: rerunfilecheck 2011/04/15 v1.7 Rerun checks for auxiliary files (HO)
Package uniquecounter Info: New unique counter `rerunfilecheck' on input line 282.
)
\Hy@SectionHShift=\skip95
)
("C:\Program Files\MiKTeX 2.9\tex\latex\emptypage\emptypage.sty"
Package: emptypage 2010/05/30 v1.2 Suppress page numbers and headings on empty pages
)
Package hyperref Info: Option `unicode' set `true' on input line 290.
Package hyperref Info: Option `colorlinks' set `true' on input line 290.

\@input{data.aux}
("E:\Unpar\Skripsi-1\Skripsi\Template Skripsi FTIS v7\data.tex"
("C:\Program Files\MiKTeX 2.9\tex\latex\booktabs\booktabs.sty"
Package: booktabs 2005/04/14 v1.61803 publication quality tables
\heavyrulewidth=\dimen140
\lightrulewidth=\dimen141
\cmidrulewidth=\dimen142
\belowrulesep=\dimen143
\belowbottomsep=\dimen144
\aboverulesep=\dimen145
\abovetopsep=\dimen146
\cmidrulesep=\dimen147
\cmidrulekern=\dimen148
\defaultaddspace=\dimen149
\@cmidla=\count135
\@cmidlb=\count136
\@aboverulesep=\dimen150
\@belowrulesep=\dimen151
\@thisruleclass=\count137
\@lastruleclass=\count138
\@thisrulewidth=\dimen152
) ("C:\Program Files\MiKTeX 2.9\tex\latex\xcolor\xcolor.sty"
Package: xcolor 2007/01/21 v2.11 LaTeX color extensions (UK)
 ("C:\Program Files\MiKTeX 2.9\tex\latex\00miktex\color.cfg"
File: color.cfg 2007/01/18 v1.5 color configuration of teTeX/TeXLive
)
Package xcolor Info: Driver file: pdftex.def on input line 225.

("C:\Program Files\MiKTeX 2.9\tex\latex\colortbl\colortbl.sty"
Package: colortbl 2012/02/13 v1.0a Color table columns (DPC)
 ("C:\Program Files\MiKTeX 2.9\tex\latex\tools\array.sty"
Package: array 2008/09/09 v2.4c Tabular extension package (FMi)
\col@sep=\dimen153
\extrarowheight=\dimen154
\NC@list=\toks21
\extratabsurround=\skip96
\backup@length=\skip97
)
\everycr=\toks22
\minrowclearance=\skip98
)
LaTeX Info: Redefining \color on input line 702.
\rownum=\count139
Package xcolor Info: Model `cmy' substituted by `cmy0' on input line 1337.
Package xcolor Info: Model `hsb' substituted by `rgb' on input line 1341.
Package xcolor Info: Model `RGB' extended on input line 1353.
Package xcolor Info: Model `HTML' substituted by `rgb' on input line 1355.
Package xcolor Info: Model `Hsb' substituted by `hsb' on input line 1356.
Package xcolor Info: Model `tHsb' substituted by `hsb' on input line 1357.
Package xcolor Info: Model `HSB' substituted by `hsb' on input line 1358.
Package xcolor Info: Model `Gray' substituted by `gray' on input line 1359.
Package xcolor Info: Model `wave' substituted by `hsb' on input line 1360.
) ("C:\Program Files\MiKTeX 2.9\tex\latex\tools\longtable.sty"
Package: longtable 2004/02/01 v4.11 Multi-page Table package (DPC)
\LTleft=\skip99
\LTright=\skip100
\LTpre=\skip101
\LTpost=\skip102
\LTchunksize=\count140
\LTcapwidth=\dimen155
\LT@head=\box58
\LT@firsthead=\box59
\LT@foot=\box60
\LT@lastfoot=\box61
\LT@cols=\count141
\LT@rows=\count142
\c@LT@tables=\count143
\c@LT@chunks=\count144
\LT@p@ftn=\toks23
)
("C:\Program Files\MiKTeX 2.9\tex\latex\amsmath\amsmath.sty"
Package: amsmath 2013/01/14 v2.14 AMS math features
\@mathmargin=\skip103

For additional information on amsmath, use the `?' option.
("C:\Program Files\MiKTeX 2.9\tex\latex\amsmath\amstext.sty"
Package: amstext 2000/06/29 v2.01
 ("C:\Program Files\MiKTeX 2.9\tex\latex\amsmath\amsgen.sty"
File: amsgen.sty 1999/11/30 v2.0
\@emptytoks=\toks24
\ex@=\dimen156
)) ("C:\Program Files\MiKTeX 2.9\tex\latex\amsmath\amsbsy.sty"
Package: amsbsy 1999/11/29 v1.2d
\pmbraise@=\dimen157
)
("C:\Program Files\MiKTeX 2.9\tex\latex\amsmath\amsopn.sty"
Package: amsopn 1999/12/14 v2.01 operator names
)
\inf@bad=\count145
LaTeX Info: Redefining \frac on input line 210.
\uproot@=\count146
\leftroot@=\count147
LaTeX Info: Redefining \overline on input line 306.
\classnum@=\count148
\DOTSCASE@=\count149
LaTeX Info: Redefining \ldots on input line 378.
LaTeX Info: Redefining \dots on input line 381.
LaTeX Info: Redefining \cdots on input line 466.
\Mathstrutbox@=\box62
\strutbox@=\box63
\big@size=\dimen158
LaTeX Font Info:    Redeclaring font encoding OML on input line 566.
LaTeX Font Info:    Redeclaring font encoding OMS on input line 567.
\macc@depth=\count150
\c@MaxMatrixCols=\count151
\dotsspace@=\muskip11
\c@parentequation=\count152
\dspbrk@lvl=\count153
\tag@help=\toks25
\row@=\count154
\column@=\count155
\maxfields@=\count156
\andhelp@=\toks26
\eqnshift@=\dimen159
\alignsep@=\dimen160
\tagshift@=\dimen161
\tagwidth@=\dimen162
\totwidth@=\dimen163
\lineht@=\dimen164
\@envbody=\toks27
\multlinegap=\skip104
\multlinetaggap=\skip105
\mathdisplay@stack=\toks28
LaTeX Info: Redefining \[ on input line 2665.
LaTeX Info: Redefining \] on input line 2666.
))
\@input{dosen.aux}
("E:\Unpar\Skripsi-1\Skripsi\Template Skripsi FTIS v7\dosen.tex")
("E:\Unpar\Skripsi-1\Skripsi\Template Skripsi FTIS v7\main.aux"
("E:\Unpar\Skripsi-1\Skripsi\Template Skripsi FTIS v7\Bab/bab1.aux")
("E:\Unpar\Skripsi-1\Skripsi\Template Skripsi FTIS v7\Bab/bab2.aux")
("E:\Unpar\Skripsi-1\Skripsi\Template Skripsi FTIS v7\Bab/bab3.aux")
("E:\Unpar\Skripsi-1\Skripsi\Template Skripsi FTIS v7\Bab/bab4.aux")
("E:\Unpar\Skripsi-1\Skripsi\Template Skripsi FTIS v7\Bab/bab5.aux")
("E:\Unpar\Skripsi-1\Skripsi\Template Skripsi FTIS v7\Bab/bab6.aux")
("E:\Unpar\Skripsi-1\Skripsi\Template Skripsi FTIS v7\Bab/bab7.aux")
("E:\Unpar\Skripsi-1\Skripsi\Template Skripsi FTIS v7\Bab/bab8.aux")
("E:\Unpar\Skripsi-1\Skripsi\Template Skripsi FTIS v7\Bab/bab9.aux")
("E:\Unpar\Skripsi-1\Skripsi\Template Skripsi FTIS v7\Lampiran/lampA.aux")
("E:\Unpar\Skripsi-1\Skripsi\Template Skripsi FTIS v7\Lampiran/lampB.aux")
("E:\Unpar\Skripsi-1\Skripsi\Template Skripsi FTIS v7\Lampiran/lampC.aux")
("E:\Unpar\Skripsi-1\Skripsi\Template Skripsi FTIS v7\Lampiran/lampD.aux")
("E:\Unpar\Skripsi-1\Skripsi\Template Skripsi FTIS v7\Lampiran/lampE.aux")
("E:\Unpar\Skripsi-1\Skripsi\Template Skripsi FTIS v7\Lampiran/lampF.aux")
("E:\Unpar\Skripsi-1\Skripsi\Template Skripsi FTIS v7\Lampiran/lampG.aux")
("E:\Unpar\Skripsi-1\Skripsi\Template Skripsi FTIS v7\Lampiran/lampH.aux")
("E:\Unpar\Skripsi-1\Skripsi\Template Skripsi FTIS v7\Lampiran/lampI.aux"))
LaTeX Font Info:    Checking defaults for OML/cmm/m/it on input line 305.
LaTeX Font Info:    ... okay on input line 305.
LaTeX Font Info:    Checking defaults for T1/cmr/m/n on input line 305.
LaTeX Font Info:    ... okay on input line 305.
LaTeX Font Info:    Checking defaults for OT1/cmr/m/n on input line 305.
LaTeX Font Info:    ... okay on input line 305.
LaTeX Font Info:    Checking defaults for OMS/cmsy/m/n on input line 305.
LaTeX Font Info:    ... okay on input line 305.
LaTeX Font Info:    Checking defaults for OMX/cmex/m/n on input line 305.
LaTeX Font Info:    ... okay on input line 305.
LaTeX Font Info:    Checking defaults for U/cmr/m/n on input line 305.
LaTeX Font Info:    ... okay on input line 305.
LaTeX Font Info:    Checking defaults for PD1/pdf/m/n on input line 305.
LaTeX Font Info:    ... okay on input line 305.
LaTeX Font Info:    Checking defaults for PU/pdf/m/n on input line 305.
LaTeX Font Info:    ... okay on input line 305.

("C:\Program Files\MiKTeX 2.9\tex\context\base\supp-pdf.mkii"
[Loading MPS to PDF converter (version 2006.09.02).]
\scratchcounter=\count157
\scratchdimen=\dimen165
\scratchbox=\box64
\nofMPsegments=\count158
\nofMParguments=\count159
\everyMPshowfont=\toks29
\MPscratchCnt=\count160
\MPscratchDim=\dimen166
\MPnumerator=\count161
\makeMPintoPDFobject=\count162
\everyMPtoPDFconversion=\toks30
)
*geometry* driver: auto-detecting
*geometry* detected driver: pdftex
*geometry* verbose mode - [ preamble ] result:
* driver: pdftex
* paper: a4paper
* layout: <same size as paper>
* layoutoffset:(h,v)=(0.0pt,0.0pt)
* modes: twoside 
* h-part:(L,W,R)=(71.13188pt, 469.47049pt, 56.9055pt)
* v-part:(T,H,B)=(71.13188pt, 702.78308pt, 71.13188pt)
* \paperwidth=597.50787pt
* \paperheight=845.04684pt
* \textwidth=469.47049pt
* \textheight=702.78308pt
* \oddsidemargin=-1.1381pt
* \evensidemargin=-15.36449pt
* \topmargin=-38.1381pt
* \headheight=15.0pt
* \headsep=25.0pt
* \topskip=11.0pt
* \footskip=30.0pt
* \marginparwidth=103.0pt
* \marginparsep=10.0pt
* \columnsep=10.0pt
* \skip\footins=10.0pt plus 4.0pt minus 2.0pt
* \hoffset=0.0pt
* \voffset=0.0pt
* \mag=1000
* \@twocolumnfalse
* \@twosidetrue
* \@mparswitchtrue
* \@reversemarginfalse
* (1in=72.27pt=25.4mm, 1cm=28.453pt)

\c@lstlisting=\count163
\AtBeginShipoutBox=\box65
Package hyperref Info: Link coloring ON on input line 305.
("C:\Program Files\MiKTeX 2.9\tex\latex\hyperref\nameref.sty"
Package: nameref 2012/10/27 v2.43 Cross-referencing by name of section

("C:\Program Files\MiKTeX 2.9\tex\generic\oberdiek\gettitlestring.sty"
Package: gettitlestring 2010/12/03 v1.4 Cleanup title references (HO)
)
\c@section@level=\count164
)
LaTeX Info: Redefining \ref on input line 305.
LaTeX Info: Redefining \pageref on input line 305.
LaTeX Info: Redefining \nameref on input line 305.

("E:\Unpar\Skripsi-1\Skripsi\Template Skripsi FTIS v7\main.out")
("E:\Unpar\Skripsi-1\Skripsi\Template Skripsi FTIS v7\main.out")
\@outlinefile=\write4

<Gambar/logo-unpar.png, id=207, 360.59718pt x 356.0803pt>
File: Gambar/logo-unpar.png Graphic file (type png)
 <use Gambar/logo-unpar.png>
Package pdftex.def Info: Gambar/logo-unpar.png used on input line 473.
(pdftex.def)             Requested size: 144.23631pt x 142.4296pt.
 [1





{C:/ProgramData/MiKTeX/2.9/pdftex/config/pdftex.map} <E:/Unpar/Skripsi-1/Skripsi/Template Skripsi FTIS v7/Gambar/logo-un
par.png>] [2

]
File: Gambar/logo-unpar.png Graphic file (type png)

<use Gambar/logo-unpar.png>
Package pdftex.def Info: Gambar/logo-unpar.png used on input line 473.
(pdftex.def)             Requested size: 144.23631pt x 142.4296pt.
 [3] [4

] [5] [6

] [7] [8

] [9] [10

] [11] [12

] [13] [14

] [15

] [16]
("E:\Unpar\Skripsi-1\Skripsi\Template Skripsi FTIS v7\main.toc" [17

])
\tf@toc=\write5
 [18]
("E:\Unpar\Skripsi-1\Skripsi\Template Skripsi FTIS v7\main.lof" [19])
\tf@lof=\write6
 [20]
("E:\Unpar\Skripsi-1\Skripsi\Template Skripsi FTIS v7\main.lot")
\tf@lot=\write7
 [21] [22

]
("E:\Unpar\Skripsi-1\Skripsi\Template Skripsi FTIS v7\Bab/bab1.tex"
Bab 1.
LaTeX Font Info:    Try loading font information for OMS+cmr on input line 13.
("C:\Program Files\MiKTeX 2.9\tex\latex\base\omscmr.fd"
File: omscmr.fd 1999/05/25 v2.5h Standard LaTeX font definitions
)
LaTeX Font Info:    Font shape `OMS/cmr/m/n' in size <10.95> not available
(Font)              Font shape `OMS/cmsy/m/n' tried instead on input line 13.
 [1



]) [2]
("E:\Unpar\Skripsi-1\Skripsi\Template Skripsi FTIS v7\Bab/bab2.tex"
Bab 2.
<Gambar/tahapdatamining.jpg, id=492, 145.29282pt x 206.27063pt>
File: Gambar/tahapdatamining.jpg Graphic file (type jpg)
 <use Gambar/tahapdatamining.jpg>
Package pdftex.def Info: Gambar/tahapdatamining.jpg used on input line 8.
(pdftex.def)             Requested size: 145.29245pt x 206.27011pt.

! Misplaced alignment tab character &.
<argument> ...ning}, Sumber Data Mining Concepts &
                                                   Techniques\fi 
l.9 ..., Sumber Data Mining Concepts & Techniques}
                                                  
I can't figure out why you would want to use a tab mark
here. If you just want an ampersand, the remedy is
simple: Just type `I\&' now. But if some right brace
up above has ended a previous alignment prematurely,
you're probably due for more error messages, and you
might try typing `S' now just to see what is salvageable.

) [3



] [4 <E:/Unpar/Skripsi-1/Skripsi/Template Skripsi FTIS v7/Gambar/tahapdatamining.jpg>]
("E:\Unpar\Skripsi-1\Skripsi\Template Skripsi FTIS v7\Bab/bab3.tex"
Bab 3.
<Gambar/2d_trj.pdf, id=502, 225.14012pt x 165.18715pt>
File: Gambar/2d_trj.pdf Graphic file (type pdf)
 <use Gambar/2d_trj.pdf>
Package pdftex.def Info: Gambar/2d_trj.pdf used on input line 17.
(pdftex.def)             Requested size: 225.13956pt x 165.18674pt.


LaTeX Warning: Reference `fig:2d_trj' on page 5 undefined on input line 23.

[5



 <E:/Unpar/Skripsi-1/Skripsi/Template Skripsi FTIS v7/Gambar/2d_trj.pdf>]

LaTeX Warning: Reference `fig:mean_dis' on page 6 undefined on input line 43.

<Gambar/mean_dis.pdf, id=538, 343.62135pt x 76.7427pt>
File: Gambar/mean_dis.pdf Graphic file (type pdf)
 <use Gambar/mean_dis.pdf>
Package pdftex.def Info: Gambar/mean_dis.pdf used on input line 52.
(pdftex.def)             Requested size: 343.6205pt x 76.74251pt.


LaTeX Warning: Reference `fig:robust_med' on page 6 undefined on input line 58.


LaTeX Warning: Reference `fig:mean_dis' on page 6 undefined on input line 59.

<Gambar/robust_med.pdf, id=540, 339.97676pt x 132.4388pt>
File: Gambar/robust_med.pdf Graphic file (type pdf)
 <use Gambar/robust_med.pdf>
Package pdftex.def Info: Gambar/robust_med.pdf used on input line 63.
(pdftex.def)             Requested size: 339.97592pt x 132.43846pt.
 [6 <E:/Unpar/Skripsi-1/Skripsi/Template Skripsi FTIS v7/Gambar/mean_dis.pdf>] <Gambar/all30_visual.pdf, id=583, 209.971
45pt x 181.39369pt>
File: Gambar/all30_visual.pdf Graphic file (type pdf)

<use Gambar/all30_visual.pdf>
Package pdftex.def Info: Gambar/all30_visual.pdf used on input line 94.
(pdftex.def)             Requested size: 209.97092pt x 181.39323pt.
 <Gambar/med_visual.pdf, id=584, 208.76294pt x 180.35179pt>
File: Gambar/med_visual.pdf Graphic file (type pdf)
 <use Gambar/med_visual.pdf>
Package pdftex.def Info: Gambar/med_visual.pdf used on input line 101.
(pdftex.def)             Requested size: 208.76242pt x 180.35133pt.


LaTeX Warning: Reference `fig:all30_visual' on page 7 undefined on input line 106.

[7 <E:/Unpar/Skripsi-1/Skripsi/Template Skripsi FTIS v7/Gambar/robust_med.pdf>] [8 <E:/Unpar/Skripsi-1/Skripsi/Template 
Skripsi FTIS v7/Gambar/all30_visual.pdf> <E:/Unpar/Skripsi-1/Skripsi/Template Skripsi FTIS v7/Gambar/med_visual.pdf>]

LaTeX Warning: Reference `fig:med_visual' on page 9 undefined on input line 110.

[9] <Gambar/switch_fail0.pdf, id=618, 329.07341pt x 70.18622pt>
File: Gambar/switch_fail0.pdf Graphic file (type pdf)
 <use Gambar/switch_fail0.pdf>
Package pdftex.def Info: Gambar/switch_fail0.pdf used on input line 168.
(pdftex.def)             Requested size: 329.0726pt x 70.18604pt.

<Gambar/switch_fail1.pdf, id=619, 256.08934pt x 124.83539pt>
File: Gambar/switch_fail1.pdf Graphic file (type pdf)
 <use Gambar/switch_fail1.pdf>
Package pdftex.def Info: Gambar/switch_fail1.pdf used on input line 175.
(pdftex.def)             Requested size: 256.08871pt x 124.83507pt.


LaTeX Warning: Reference `fig:switch_fail0' on page 10 undefined on input line 180.


LaTeX Warning: Reference `fig:switch_fail0' on page 10 undefined on input line 181.


LaTeX Warning: Reference `fig:switch_fail1' on page 10 undefined on input line 185.

<Gambar/switch_fail2.pdf, id=622, 243.26283pt x 120.5303pt>
File: Gambar/switch_fail2.pdf Graphic file (type pdf)
 <use Gambar/switch_fail2.pdf>
Package pdftex.def Info: Gambar/switch_fail2.pdf used on input line 189.
(pdftex.def)             Requested size: 243.26222pt x 120.53pt.
 [10 <E:/Unpar/Skripsi-1/Skripsi/Template Skripsi FTIS v7/Gambar/switch_fail0.pdf> <E:/Unpar/Skripsi-1/Skripsi/Template 
Skripsi FTIS v7/Gambar/switch_fail1.pdf>]

LaTeX Warning: Reference `fig:switch_fail2' on page 11 undefined on input line 194.


LaTeX Warning: Reference `fig:switch_fail3' on page 11 undefined on input line 195.

<Gambar/switch_fail3.pdf, id=637, 217.89084pt x 240.55873pt>
File: Gambar/switch_fail3.pdf Graphic file (type pdf)
 <use Gambar/switch_fail3.pdf>
Package pdftex.def Info: Gambar/switch_fail3.pdf used on input line 200.
(pdftex.def)             Requested size: 217.89029pt x 240.55814pt.


LaTeX Warning: Reference `fig:homotopy' on page 11 undefined on input line 210.

<Gambar/homotopy.pdf, id=640, 187.27264pt x 106.97466pt>
File: Gambar/homotopy.pdf Graphic file (type pdf)
 <use Gambar/homotopy.pdf>
Package pdftex.def Info: Gambar/homotopy.pdf used on input line 214.
(pdftex.def)             Requested size: 187.27219pt x 106.97438pt.


LaTeX Warning: Reference `fig:base_sign' on page 11 undefined on input line 220.


LaTeX Warning: Reference `fig:base_sign' on page 11 undefined on input line 225.

[11 <E:/Unpar/Skripsi-1/Skripsi/Template Skripsi FTIS v7/Gambar/switch_fail2.pdf> <E:/Unpar/Skripsi-1/Skripsi/Template S
kripsi FTIS v7/Gambar/switch_fail3.pdf>] <Gambar/base_sign.pdf, id=652, 306.60419pt x 135.439pt>
File: Gambar/base_sign.pdf Graphic file (type pdf)

<use Gambar/base_sign.pdf>
Package pdftex.def Info: Gambar/base_sign.pdf used on input line 230.
(pdftex.def)             Requested size: 306.60342pt x 135.43866pt.


LaTeX Warning: Reference `fig:diff_sign' on page 12 undefined on input line 241.


LaTeX Warning: Reference `fig:diff_sign' on page 12 undefined on input line 245.

<Gambar/diff_sign.pdf, id=653, 289.02008pt x 161.27853pt>
File: Gambar/diff_sign.pdf Graphic file (type pdf)
 <use Gambar/diff_sign.pdf>
Package pdftex.def Info: Gambar/diff_sign.pdf used on input line 255.
(pdftex.def)             Requested size: 289.01938pt x 161.27812pt.
 [12 <E:/Unpar/Skripsi-1/Skripsi/Template Skripsi FTIS v7/Gambar/homotopy.pdf> <E:/Unpar/Skripsi-1/Skripsi/Template Skri
psi FTIS v7/Gambar/base_sign.pdf>]

LaTeX Warning: Reference `fig:homotopy_algo' on page 13 undefined on input line 271.

<Gambar/hmtp_works.pdf, id=679, 314.45761pt x 108.90887pt>
File: Gambar/hmtp_works.pdf Graphic file (type pdf)
 <use Gambar/hmtp_works.pdf>
Package pdftex.def Info: Gambar/hmtp_works.pdf used on input line 277.
(pdftex.def)             Requested size: 314.45683pt x 108.9086pt.
 [13 <E:/Unpar/Skripsi-1/Skripsi/Template Skripsi FTIS v7/Gambar/diff_sign.pdf> <E:/Unpar/Skripsi-1/Skripsi/Template Skr
ipsi FTIS v7/Gambar/hmtp_works.pdf>]

LaTeX Warning: Reference `fig:homotopy_fail0' on page 14 undefined on input line 294.

<Gambar/homotopy_fail0.pdf, id=701, 330.02396pt x 116.72508pt>
File: Gambar/homotopy_fail0.pdf Graphic file (type pdf)
 <use Gambar/homotopy_fail0.pdf>
Package pdftex.def Info: Gambar/homotopy_fail0.pdf used on input line 299.
(pdftex.def)             Requested size: 330.02315pt x 116.7248pt.


LaTeX Warning: Reference `fig:homotopy_fail1' on page 14 undefined on input line 307.

<Gambar/homotopy_fail1.pdf, id=703, 228.35544pt x 194.79173pt>
File: Gambar/homotopy_fail1.pdf Graphic file (type pdf)
 <use Gambar/homotopy_fail1.pdf>
Package pdftex.def Info: Gambar/homotopy_fail1.pdf used on input line 311.
(pdftex.def)             Requested size: 228.35486pt x 194.79126pt.
 [14 <E:/Unpar/Skripsi-1/Skripsi/Template Skripsi FTIS v7/Gambar/homotopy_fail0.pdf> <E:/Unpar/Skripsi-1/Skripsi/Templat
e Skripsi FTIS v7/Gambar/homotopy_fail1.pdf>] [15]
Underfull \vbox (badness 1694) has occurred while \output is active []

 [16]) [17]
("E:\Unpar\Skripsi-1\Skripsi\Template Skripsi FTIS v7\Bab/bab4.tex" [18



]
Bab 4.
File: Gambar/2d_trj.pdf Graphic file (type pdf)
<use Gambar/2d_trj.pdf>
Package pdftex.def Info: Gambar/2d_trj.pdf used on input line 17.
(pdftex.def)             Requested size: 225.13956pt x 165.18674pt.


LaTeX Warning: Reference `fig:2d_trj' on page 19 undefined on input line 23.

[19]

LaTeX Warning: Reference `fig:mean_dis' on page 20 undefined on input line 43.

File: Gambar/mean_dis.pdf Graphic file (type pdf)
<use Gambar/mean_dis.pdf>
Package pdftex.def Info: Gambar/mean_dis.pdf used on input line 52.
(pdftex.def)             Requested size: 343.6205pt x 76.74251pt.


LaTeX Warning: Reference `fig:robust_med' on page 20 undefined on input line 58.


LaTeX Warning: Reference `fig:mean_dis' on page 20 undefined on input line 59.

File: Gambar/robust_med.pdf Graphic file (type pdf)
<use Gambar/robust_med.pdf>
Package pdftex.def Info: Gambar/robust_med.pdf used on input line 63.
(pdftex.def)             Requested size: 339.97592pt x 132.43846pt.
 [20]
File: Gambar/all30_visual.pdf Graphic file (type pdf)
 <use Gambar/all30_visual.pdf>
Package pdftex.def Info: Gambar/all30_visual.pdf used on input line 94.
(pdftex.def)             Requested size: 209.97092pt x 181.39323pt.
File: Gambar/med_visual.pdf Graphic file (type pdf)
 <use Gambar/med_visual.pdf>
Package pdftex.def Info: Gambar/med_visual.pdf used on input line 101.
(pdftex.def)             Requested size: 208.76242pt x 180.35133pt.


LaTeX Warning: Reference `fig:all30_visual' on page 21 undefined on input line 106.

[21] [22]

LaTeX Warning: Reference `fig:med_visual' on page 23 undefined on input line 110.

[23]
File: Gambar/switch_fail0.pdf Graphic file (type pdf)
 <use Gambar/switch_fail0.pdf>
Package pdftex.def Info: Gambar/switch_fail0.pdf used on input line 168.
(pdftex.def)             Requested size: 329.0726pt x 70.18604pt.
File: Gambar/switch_fail1.pdf Graphic file (type pdf)
 <use Gambar/switch_fail1.pdf>
Package pdftex.def Info: Gambar/switch_fail1.pdf used on input line 175.
(pdftex.def)             Requested size: 256.08871pt x 124.83507pt.


LaTeX Warning: Reference `fig:switch_fail0' on page 24 undefined on input line 180.


LaTeX Warning: Reference `fig:switch_fail0' on page 24 undefined on input line 181.


LaTeX Warning: Reference `fig:switch_fail1' on page 24 undefined on input line 185.

File: Gambar/switch_fail2.pdf Graphic file (type pdf)
<use Gambar/switch_fail2.pdf>
Package pdftex.def Info: Gambar/switch_fail2.pdf used on input line 189.
(pdftex.def)             Requested size: 243.26222pt x 120.53pt.
 [24]

LaTeX Warning: Reference `fig:switch_fail2' on page 25 undefined on input line 194.


LaTeX Warning: Reference `fig:switch_fail3' on page 25 undefined on input line 195.

File: Gambar/switch_fail3.pdf Graphic file (type pdf)
<use Gambar/switch_fail3.pdf>
Package pdftex.def Info: Gambar/switch_fail3.pdf used on input line 200.
(pdftex.def)             Requested size: 217.89029pt x 240.55814pt.


LaTeX Warning: Reference `fig:homotopy' on page 25 undefined on input line 210.

File: Gambar/homotopy.pdf Graphic file (type pdf)
<use Gambar/homotopy.pdf>
Package pdftex.def Info: Gambar/homotopy.pdf used on input line 214.
(pdftex.def)             Requested size: 187.27219pt x 106.97438pt.


LaTeX Warning: Reference `fig:base_sign' on page 25 undefined on input line 220.


LaTeX Warning: Reference `fig:base_sign' on page 25 undefined on input line 225.

[25]
File: Gambar/base_sign.pdf Graphic file (type pdf)
 <use Gambar/base_sign.pdf>
Package pdftex.def Info: Gambar/base_sign.pdf used on input line 230.
(pdftex.def)             Requested size: 306.60342pt x 135.43866pt.


LaTeX Warning: Reference `fig:diff_sign' on page 26 undefined on input line 241.


LaTeX Warning: Reference `fig:diff_sign' on page 26 undefined on input line 245.

File: Gambar/diff_sign.pdf Graphic file (type pdf)
<use Gambar/diff_sign.pdf>
Package pdftex.def Info: Gambar/diff_sign.pdf used on input line 255.
(pdftex.def)             Requested size: 289.01938pt x 161.27812pt.
 [26]

LaTeX Warning: Reference `fig:homotopy_algo' on page 27 undefined on input line 271.

File: Gambar/hmtp_works.pdf Graphic file (type pdf)
<use Gambar/hmtp_works.pdf>
Package pdftex.def Info: Gambar/hmtp_works.pdf used on input line 277.
(pdftex.def)             Requested size: 314.45683pt x 108.9086pt.
 [27]

LaTeX Warning: Reference `fig:homotopy_fail0' on page 28 undefined on input line 294.

File: Gambar/homotopy_fail0.pdf Graphic file (type pdf)
<use Gambar/homotopy_fail0.pdf>
Package pdftex.def Info: Gambar/homotopy_fail0.pdf used on input line 299.
(pdftex.def)             Requested size: 330.02315pt x 116.7248pt.


LaTeX Warning: Reference `fig:homotopy_fail1' on page 28 undefined on input line 307.

File: Gambar/homotopy_fail1.pdf Graphic file (type pdf)
<use Gambar/homotopy_fail1.pdf>
Package pdftex.def Info: Gambar/homotopy_fail1.pdf used on input line 311.
(pdftex.def)             Requested size: 228.35486pt x 194.79126pt.
 [28] [29]
Underfull \vbox (badness 1694) has occurred while \output is active []

 [30]) [31]
("E:\Unpar\Skripsi-1\Skripsi\Template Skripsi FTIS v7\Bab/bab5.tex" [32



]
Bab 5.
File: Gambar/2d_trj.pdf Graphic file (type pdf)
<use Gambar/2d_trj.pdf>
Package pdftex.def Info: Gambar/2d_trj.pdf used on input line 17.
(pdftex.def)             Requested size: 225.13956pt x 165.18674pt.


LaTeX Warning: Reference `fig:2d_trj' on page 33 undefined on input line 23.

[33]

LaTeX Warning: Reference `fig:mean_dis' on page 34 undefined on input line 43.

File: Gambar/mean_dis.pdf Graphic file (type pdf)
<use Gambar/mean_dis.pdf>
Package pdftex.def Info: Gambar/mean_dis.pdf used on input line 52.
(pdftex.def)             Requested size: 343.6205pt x 76.74251pt.


LaTeX Warning: Reference `fig:robust_med' on page 34 undefined on input line 58.


LaTeX Warning: Reference `fig:mean_dis' on page 34 undefined on input line 59.

File: Gambar/robust_med.pdf Graphic file (type pdf)
<use Gambar/robust_med.pdf>
Package pdftex.def Info: Gambar/robust_med.pdf used on input line 63.
(pdftex.def)             Requested size: 339.97592pt x 132.43846pt.
 [34]
File: Gambar/all30_visual.pdf Graphic file (type pdf)
 <use Gambar/all30_visual.pdf>
Package pdftex.def Info: Gambar/all30_visual.pdf used on input line 94.
(pdftex.def)             Requested size: 209.97092pt x 181.39323pt.
File: Gambar/med_visual.pdf Graphic file (type pdf)
 <use Gambar/med_visual.pdf>
Package pdftex.def Info: Gambar/med_visual.pdf used on input line 101.
(pdftex.def)             Requested size: 208.76242pt x 180.35133pt.


LaTeX Warning: Reference `fig:all30_visual' on page 35 undefined on input line 106.

[35] [36]

LaTeX Warning: Reference `fig:med_visual' on page 37 undefined on input line 110.

[37]
File: Gambar/switch_fail0.pdf Graphic file (type pdf)
 <use Gambar/switch_fail0.pdf>
Package pdftex.def Info: Gambar/switch_fail0.pdf used on input line 168.
(pdftex.def)             Requested size: 329.0726pt x 70.18604pt.
File: Gambar/switch_fail1.pdf Graphic file (type pdf)
 <use Gambar/switch_fail1.pdf>
Package pdftex.def Info: Gambar/switch_fail1.pdf used on input line 175.
(pdftex.def)             Requested size: 256.08871pt x 124.83507pt.


LaTeX Warning: Reference `fig:switch_fail0' on page 38 undefined on input line 180.


LaTeX Warning: Reference `fig:switch_fail0' on page 38 undefined on input line 181.


LaTeX Warning: Reference `fig:switch_fail1' on page 38 undefined on input line 185.

File: Gambar/switch_fail2.pdf Graphic file (type pdf)
<use Gambar/switch_fail2.pdf>
Package pdftex.def Info: Gambar/switch_fail2.pdf used on input line 189.
(pdftex.def)             Requested size: 243.26222pt x 120.53pt.
 [38]

LaTeX Warning: Reference `fig:switch_fail2' on page 39 undefined on input line 194.


LaTeX Warning: Reference `fig:switch_fail3' on page 39 undefined on input line 195.

File: Gambar/switch_fail3.pdf Graphic file (type pdf)
<use Gambar/switch_fail3.pdf>
Package pdftex.def Info: Gambar/switch_fail3.pdf used on input line 200.
(pdftex.def)             Requested size: 217.89029pt x 240.55814pt.


LaTeX Warning: Reference `fig:homotopy' on page 39 undefined on input line 210.

File: Gambar/homotopy.pdf Graphic file (type pdf)
<use Gambar/homotopy.pdf>
Package pdftex.def Info: Gambar/homotopy.pdf used on input line 214.
(pdftex.def)             Requested size: 187.27219pt x 106.97438pt.


LaTeX Warning: Reference `fig:base_sign' on page 39 undefined on input line 220.


LaTeX Warning: Reference `fig:base_sign' on page 39 undefined on input line 225.

[39]
File: Gambar/base_sign.pdf Graphic file (type pdf)
 <use Gambar/base_sign.pdf>
Package pdftex.def Info: Gambar/base_sign.pdf used on input line 230.
(pdftex.def)             Requested size: 306.60342pt x 135.43866pt.


LaTeX Warning: Reference `fig:diff_sign' on page 40 undefined on input line 241.


LaTeX Warning: Reference `fig:diff_sign' on page 40 undefined on input line 245.

File: Gambar/diff_sign.pdf Graphic file (type pdf)
<use Gambar/diff_sign.pdf>
Package pdftex.def Info: Gambar/diff_sign.pdf used on input line 255.
(pdftex.def)             Requested size: 289.01938pt x 161.27812pt.
 [40]

LaTeX Warning: Reference `fig:homotopy_algo' on page 41 undefined on input line 271.

File: Gambar/hmtp_works.pdf Graphic file (type pdf)
<use Gambar/hmtp_works.pdf>
Package pdftex.def Info: Gambar/hmtp_works.pdf used on input line 277.
(pdftex.def)             Requested size: 314.45683pt x 108.9086pt.
 [41]

LaTeX Warning: Reference `fig:homotopy_fail0' on page 42 undefined on input line 294.

File: Gambar/homotopy_fail0.pdf Graphic file (type pdf)
<use Gambar/homotopy_fail0.pdf>
Package pdftex.def Info: Gambar/homotopy_fail0.pdf used on input line 299.
(pdftex.def)             Requested size: 330.02315pt x 116.7248pt.


LaTeX Warning: Reference `fig:homotopy_fail1' on page 42 undefined on input line 307.

File: Gambar/homotopy_fail1.pdf Graphic file (type pdf)
<use Gambar/homotopy_fail1.pdf>
Package pdftex.def Info: Gambar/homotopy_fail1.pdf used on input line 311.
(pdftex.def)             Requested size: 228.35486pt x 194.79126pt.
 [42] [43]
Underfull \vbox (badness 1694) has occurred while \output is active []

 [44]) [45]
("E:\Unpar\Skripsi-1\Skripsi\Template Skripsi FTIS v7\Bab/bab6.tex")
("E:\Unpar\Skripsi-1\Skripsi\Template Skripsi FTIS v7\Bab/bab7.tex")
("E:\Unpar\Skripsi-1\Skripsi\Template Skripsi FTIS v7\Bab/bab8.tex")
("E:\Unpar\Skripsi-1\Skripsi\Template Skripsi FTIS v7\Bab/bab9.tex")
("E:\Unpar\Skripsi-1\Skripsi\Template Skripsi FTIS v7\main.bbl" [46










] [47] [48]) [49]
("E:\Unpar\Skripsi-1\Skripsi\Template Skripsi FTIS v7\Lampiran/lampA.tex" [50


]
Lampiran A.
<Gambar/appxa2.pdf, id=963, 319.56189pt x 418.09pt>
File: Gambar/appxa2.pdf Graphic file (type pdf)
 <use Gambar/appxa2.pdf>
Package pdftex.def Info: Gambar/appxa2.pdf used on input line 8.
(pdftex.def)             Requested size: 319.5611pt x 418.08896pt.
 [51 <E:/Unpar/Skripsi-1/Skripsi/Template Skripsi FTIS v7/Gambar/appxa2.pdf>]) [52] ("E:\Unpar\Skripsi-1\Skripsi\Templat
e Skripsi FTIS v7\Lampiran/lampB.tex"
Lampiran B.
("C:\Program Files\MiKTeX 2.9\tex\latex\listings\lstlang1.sty"
File: lstlang1.sty 2014/03/04 1.5c listings language file
)
LaTeX Font Info:    Font shape `OMS/cmr/m/n' in size <6> not available
(Font)              Font shape `OMS/cmsy/m/n' tried instead on input line 19.
) [53



]
("E:\Unpar\Skripsi-1\Skripsi\Template Skripsi FTIS v7\Lampiran/lampC.tex" [54



]
Lampiran C.
[55]) [56] ("E:\Unpar\Skripsi-1\Skripsi\Template Skripsi FTIS v7\Lampiran/lampD.tex")
("E:\Unpar\Skripsi-1\Skripsi\Template Skripsi FTIS v7\Lampiran/lampE.tex")
("E:\Unpar\Skripsi-1\Skripsi\Template Skripsi FTIS v7\Lampiran/lampF.tex")
("E:\Unpar\Skripsi-1\Skripsi\Template Skripsi FTIS v7\Lampiran/lampG.tex")
("E:\Unpar\Skripsi-1\Skripsi\Template Skripsi FTIS v7\Lampiran/lampH.tex")
("E:\Unpar\Skripsi-1\Skripsi\Template Skripsi FTIS v7\Lampiran/lampI.tex")
Package atveryend Info: Empty hook `BeforeClearDocument' on input line 513.
Package atveryend Info: Empty hook `AfterLastShipout' on input line 513.

("E:\Unpar\Skripsi-1\Skripsi\Template Skripsi FTIS v7\main.aux"
("E:\Unpar\Skripsi-1\Skripsi\Template Skripsi FTIS v7\Bab/bab1.aux")
("E:\Unpar\Skripsi-1\Skripsi\Template Skripsi FTIS v7\Bab/bab2.aux")
("E:\Unpar\Skripsi-1\Skripsi\Template Skripsi FTIS v7\Bab/bab3.aux")
("E:\Unpar\Skripsi-1\Skripsi\Template Skripsi FTIS v7\Bab/bab4.aux")
("E:\Unpar\Skripsi-1\Skripsi\Template Skripsi FTIS v7\Bab/bab5.aux")
("E:\Unpar\Skripsi-1\Skripsi\Template Skripsi FTIS v7\Bab/bab6.aux")
("E:\Unpar\Skripsi-1\Skripsi\Template Skripsi FTIS v7\Bab/bab7.aux")
("E:\Unpar\Skripsi-1\Skripsi\Template Skripsi FTIS v7\Bab/bab8.aux")
("E:\Unpar\Skripsi-1\Skripsi\Template Skripsi FTIS v7\Bab/bab9.aux")
("E:\Unpar\Skripsi-1\Skripsi\Template Skripsi FTIS v7\Lampiran/lampA.aux")
("E:\Unpar\Skripsi-1\Skripsi\Template Skripsi FTIS v7\Lampiran/lampB.aux")
("E:\Unpar\Skripsi-1\Skripsi\Template Skripsi FTIS v7\Lampiran/lampC.aux")
("E:\Unpar\Skripsi-1\Skripsi\Template Skripsi FTIS v7\Lampiran/lampD.aux")
("E:\Unpar\Skripsi-1\Skripsi\Template Skripsi FTIS v7\Lampiran/lampE.aux")
("E:\Unpar\Skripsi-1\Skripsi\Template Skripsi FTIS v7\Lampiran/lampF.aux")
("E:\Unpar\Skripsi-1\Skripsi\Template Skripsi FTIS v7\Lampiran/lampG.aux")
("E:\Unpar\Skripsi-1\Skripsi\Template Skripsi FTIS v7\Lampiran/lampH.aux")
("E:\Unpar\Skripsi-1\Skripsi\Template Skripsi FTIS v7\Lampiran/lampI.aux"))
Package atveryend Info: Executing hook `AtVeryEndDocument' on input line 513.
Package atveryend Info: Executing hook `AtEndAfterFileList' on input line 513.
Package rerunfilecheck Info: File `main.out' has not changed.
(rerunfilecheck)             Checksum: 4DDB937BACA1249A0596B95499BFD4A8;8865.


LaTeX Warning: There were undefined references.

 ) 
Here is how much of TeX's memory you used:
 14549 strings out of 493921
 205463 string characters out of 3147258
 629071 words of memory out of 3000000
 17118 multiletter control sequences out of 15000+200000
 22269 words of font info for 52 fonts, out of 3000000 for 9000
 845 hyphenation exceptions out of 8191
 45i,12n,44p,814b,1770s stack positions out of 5000i,500n,10000p,200000b,50000s
 <C:\Users\Jovan Gunawan\AppData\Local\MiKTeX\2.9\fonts\pk\ljfour\jknappen\ec\dpi600\ecbx0600.pk> <C:\Users\Jovan Guna
wan\AppData\Local\MiKTeX\2.9\fonts\pk\ljfour\jknappen\ec\dpi600\ecti1095.pk> <C:\Users\Jovan Gunawan\AppData\Local\MiKTe
X\2.9\fonts\pk\ljfour\jknappen\ec\dpi600\ecrm0900.pk> <C:\Users\Jovan Gunawan\AppData\Local\MiKTeX\2.9\fonts\pk\ljfour\j
knappen\ec\dpi600\ecrm0600.pk> <C:\Users\Jovan Gunawan\AppData\Local\MiKTeX\2.9\fonts\pk\ljfour\jknappen\ec\dpi600\ecrm0
800.pk> <C:\Users\Jovan Gunawan\AppData\Local\MiKTeX\2.9\fonts\pk\ljfour\jknappen\ec\dpi600\eccc1000.pk> <C:\Users\Jovan
 Gunawan\AppData\Local\MiKTeX\2.9\fonts\pk\ljfour\jknappen\ec\dpi600\ecsl1095.pk> <C:\Users\Jovan Gunawan\AppData\Local\
MiKTeX\2.9\fonts\pk\ljfour\jknappen\ec\dpi600\ecxc1095.pk> <C:\Users\Jovan Gunawan\AppData\Local\MiKTeX\2.9\fonts\pk\ljf
our\jknappen\ec\dpi600\ecti1440.pk> <C:\Users\Jovan Gunawan\AppData\Local\MiKTeX\2.9\fonts\pk\ljfour\jknappen\ec\dpi600\
ecbx1095.pk> <C:\Users\Jovan Gunawan\AppData\Local\MiKTeX\2.9\fonts\pk\ljfour\jknappen\ec\dpi600\ecrm1095.pk> <C:\Users\
Jovan Gunawan\AppData\Local\MiKTeX\2.9\fonts\pk\ljfour\jknappen\ec\dpi600\ecbx1200.pk> <C:\Users\Jovan Gunawan\AppData\L
ocal\MiKTeX\2.9\fonts\pk\ljfour\jknappen\ec\dpi600\ecbx1440.pk><C:/Program Files/MiKTeX 2.9/fonts/type1/public/amsfonts/
cm/cmmi10.pfb><C:/Program Files/MiKTeX 2.9/fonts/type1/public/amsfonts/cm/cmmi12.pfb><C:/Program Files/MiKTeX 2.9/fonts/
type1/public/amsfonts/cm/cmmi8.pfb><C:/Program Files/MiKTeX 2.9/fonts/type1/public/amsfonts/cm/cmr10.pfb><C:/Program Fil
es/MiKTeX 2.9/fonts/type1/public/amsfonts/cm/cmr17.pfb><C:/Program Files/MiKTeX 2.9/fonts/type1/public/amsfonts/cm/cmr7.
pfb><C:/Program Files/MiKTeX 2.9/fonts/type1/public/amsfonts/cm/cmr8.pfb><C:/Program Files/MiKTeX 2.9/fonts/type1/public
/amsfonts/cm/cmsy10.pfb><C:/Program Files/MiKTeX 2.9/fonts/type1/public/amsfonts/cm/cmsy6.pfb><C:/Program Files/MiKTeX 2
.9/fonts/type1/public/amsfonts/cm/cmsy7.pfb><C:/Program Files/MiKTeX 2.9/fonts/type1/public/amsfonts/cm/cmsy8.pfb>
Output written on main.pdf (78 pages, 1114352 bytes).
PDF statistics:
 1805 PDF objects out of 2073 (max. 8388607)
 370 named destinations out of 1000 (max. 500000)
 499 words of extra memory for PDF output out of 10000 (max. 10000000)

